{"total": {"lines":{"total":1622,"covered":729,"skipped":0,"pct":44.94},"statements":{"total":1685,"covered":746,"skipped":0,"pct":44.27},"functions":{"total":440,"covered":166,"skipped":0,"pct":37.72},"branches":{"total":1042,"covered":315,"skipped":0,"pct":30.23},"branchesTrue":{"total":0,"covered":0,"skipped":0,"pct":100}}
,"C:\\Users\\CHIP\\Desktop\\SWT\\GenCare\\frontend\\src\\components\\common\\LoadingSkeleton.tsx": {"lines":{"total":29,"covered":8,"skipped":0,"pct":27.58},"functions":{"total":17,"covered":0,"skipped":0,"pct":0},"statements":{"total":31,"covered":8,"skipped":0,"pct":25.8},"branches":{"total":20,"covered":0,"skipped":0,"pct":0}}
,"C:\\Users\\CHIP\\Desktop\\SWT\\GenCare\\frontend\\src\\components\\schedule\\WeeklyCalendarView.tsx": {"lines":{"total":140,"covered":41,"skipped":0,"pct":29.28},"functions":{"total":25,"covered":10,"skipped":0,"pct":40},"statements":{"total":151,"covered":44,"skipped":0,"pct":29.13},"branches":{"total":137,"covered":28,"skipped":0,"pct":20.43}}
,"C:\\Users\\CHIP\\Desktop\\SWT\\GenCare\\frontend\\src\\components\\ui\\Input.tsx": {"lines":{"total":6,"covered":5,"skipped":0,"pct":83.33},"functions":{"total":3,"covered":1,"skipped":0,"pct":33.33},"statements":{"total":7,"covered":5,"skipped":0,"pct":71.42},"branches":{"total":12,"covered":4,"skipped":0,"pct":33.33}}
,"C:\\Users\\CHIP\\Desktop\\SWT\\GenCare\\frontend\\src\\components\\ui\\badge.tsx": {"lines":{"total":2,"covered":2,"skipped":0,"pct":100},"functions":{"total":1,"covered":1,"skipped":0,"pct":100},"statements":{"total":2,"covered":2,"skipped":0,"pct":100},"branches":{"total":0,"covered":0,"skipped":0,"pct":100}}
,"C:\\Users\\CHIP\\Desktop\\SWT\\GenCare\\frontend\\src\\components\\ui\\button.tsx": {"lines":{"total":7,"covered":5,"skipped":0,"pct":71.42},"functions":{"total":1,"covered":1,"skipped":0,"pct":100},"statements":{"total":7,"covered":5,"skipped":0,"pct":71.42},"branches":{"total":3,"covered":2,"skipped":0,"pct":66.66}}
,"C:\\Users\\CHIP\\Desktop\\SWT\\GenCare\\frontend\\src\\components\\ui\\card.tsx": {"lines":{"total":18,"covered":17,"skipped":0,"pct":94.44},"functions":{"total":6,"covered":5,"skipped":0,"pct":83.33},"statements":{"total":18,"covered":17,"skipped":0,"pct":94.44},"branches":{"total":0,"covered":0,"skipped":0,"pct":100}}
,"C:\\Users\\CHIP\\Desktop\\SWT\\GenCare\\frontend\\src\\components\\ui\\label.tsx": {"lines":{"total":3,"covered":3,"skipped":0,"pct":100},"functions":{"total":1,"covered":1,"skipped":0,"pct":100},"statements":{"total":3,"covered":3,"skipped":0,"pct":100},"branches":{"total":0,"covered":0,"skipped":0,"pct":100}}
,"C:\\Users\\CHIP\\Desktop\\SWT\\GenCare\\frontend\\src\\components\\ui\\select.tsx": {"lines":{"total":18,"covered":16,"skipped":0,"pct":88.88},"functions":{"total":5,"covered":3,"skipped":0,"pct":60},"statements":{"total":18,"covered":16,"skipped":0,"pct":88.88},"branches":{"total":5,"covered":5,"skipped":0,"pct":100}}
,"C:\\Users\\CHIP\\Desktop\\SWT\\GenCare\\frontend\\src\\components\\ui\\switch.tsx": {"lines":{"total":3,"covered":3,"skipped":0,"pct":100},"functions":{"total":1,"covered":1,"skipped":0,"pct":100},"statements":{"total":3,"covered":3,"skipped":0,"pct":100},"branches":{"total":0,"covered":0,"skipped":0,"pct":100}}
,"C:\\Users\\CHIP\\Desktop\\SWT\\GenCare\\frontend\\src\\components\\ui\\tabs.tsx": {"lines":{"total":10,"covered":10,"skipped":0,"pct":100},"functions":{"total":3,"covered":3,"skipped":0,"pct":100},"statements":{"total":10,"covered":10,"skipped":0,"pct":100},"branches":{"total":0,"covered":0,"skipped":0,"pct":100}}
,"C:\\Users\\CHIP\\Desktop\\SWT\\GenCare\\frontend\\src\\config\\apiEndpoints.ts": {"lines":{"total":55,"covered":2,"skipped":0,"pct":3.63},"functions":{"total":54,"covered":1,"skipped":0,"pct":1.85},"statements":{"total":55,"covered":2,"skipped":0,"pct":3.63},"branches":{"total":0,"covered":0,"skipped":0,"pct":100}}
,"C:\\Users\\CHIP\\Desktop\\SWT\\GenCare\\frontend\\src\\config\\environment.ts": {"lines":{"total":22,"covered":17,"skipped":0,"pct":77.27},"functions":{"total":5,"covered":3,"skipped":0,"pct":60},"statements":{"total":23,"covered":18,"skipped":0,"pct":78.26},"branches":{"total":31,"covered":20,"skipped":0,"pct":64.51}}
,"C:\\Users\\CHIP\\Desktop\\SWT\\GenCare\\frontend\\src\\config\\getBaseUrl.ts": {"lines":{"total":3,"covered":2,"skipped":0,"pct":66.66},"functions":{"total":1,"covered":1,"skipped":0,"pct":100},"statements":{"total":3,"covered":2,"skipped":0,"pct":66.66},"branches":{"total":2,"covered":1,"skipped":0,"pct":50}}
,"C:\\Users\\CHIP\\Desktop\\SWT\\GenCare\\frontend\\src\\contexts\\AuthContext.tsx": {"lines":{"total":39,"covered":19,"skipped":0,"pct":48.71},"functions":{"total":9,"covered":4,"skipped":0,"pct":44.44},"statements":{"total":40,"covered":19,"skipped":0,"pct":47.5},"branches":{"total":14,"covered":3,"skipped":0,"pct":21.42}}
,"C:\\Users\\CHIP\\Desktop\\SWT\\GenCare\\frontend\\src\\hooks\\useApi.ts": {"lines":{"total":69,"covered":53,"skipped":0,"pct":76.81},"functions":{"total":15,"covered":10,"skipped":0,"pct":66.66},"statements":{"total":72,"covered":54,"skipped":0,"pct":75},"branches":{"total":38,"covered":14,"skipped":0,"pct":36.84}}
,"C:\\Users\\CHIP\\Desktop\\SWT\\GenCare\\frontend\\src\\hooks\\useLoading.ts": {"lines":{"total":47,"covered":46,"skipped":0,"pct":97.87},"functions":{"total":18,"covered":17,"skipped":0,"pct":94.44},"statements":{"total":51,"covered":50,"skipped":0,"pct":98.03},"branches":{"total":16,"covered":11,"skipped":0,"pct":68.75}}
,"C:\\Users\\CHIP\\Desktop\\SWT\\GenCare\\frontend\\src\\hooks\\useRole.ts": {"lines":{"total":10,"covered":10,"skipped":0,"pct":100},"functions":{"total":4,"covered":4,"skipped":0,"pct":100},"statements":{"total":12,"covered":12,"skipped":0,"pct":100},"branches":{"total":0,"covered":0,"skipped":0,"pct":100}}
,"C:\\Users\\CHIP\\Desktop\\SWT\\GenCare\\frontend\\src\\lib\\utils.ts": {"lines":{"total":1,"covered":1,"skipped":0,"pct":100},"functions":{"total":1,"covered":1,"skipped":0,"pct":100},"statements":{"total":1,"covered":1,"skipped":0,"pct":100},"branches":{"total":0,"covered":0,"skipped":0,"pct":100}}
,"C:\\Users\\CHIP\\Desktop\\SWT\\GenCare\\frontend\\src\\pages\\consultation\\BookAppointment.tsx": {"lines":{"total":176,"covered":79,"skipped":0,"pct":44.88},"functions":{"total":37,"covered":14,"skipped":0,"pct":37.83},"statements":{"total":180,"covered":82,"skipped":0,"pct":45.55},"branches":{"total":126,"covered":40,"skipped":0,"pct":31.74}}
,"C:\\Users\\CHIP\\Desktop\\SWT\\GenCare\\frontend\\src\\pages\\consultation\\WeeklySlotPicker.tsx": {"lines":{"total":11,"covered":4,"skipped":0,"pct":36.36},"functions":{"total":2,"covered":1,"skipped":0,"pct":50},"statements":{"total":11,"covered":4,"skipped":0,"pct":36.36},"branches":{"total":2,"covered":0,"skipped":0,"pct":0}}
,"C:\\Users\\CHIP\\Desktop\\SWT\\GenCare\\frontend\\src\\pages\\menstrual-cycle\\components\\CycleCalendar.tsx": {"lines":{"total":233,"covered":74,"skipped":0,"pct":31.75},"functions":{"total":44,"covered":13,"skipped":0,"pct":29.54},"statements":{"total":243,"covered":74,"skipped":0,"pct":30.45},"branches":{"total":149,"covered":42,"skipped":0,"pct":28.18}}
,"C:\\Users\\CHIP\\Desktop\\SWT\\GenCare\\frontend\\src\\pages\\menstrual-cycle\\components\\CycleDashboard.tsx": {"lines":{"total":66,"covered":50,"skipped":0,"pct":75.75},"functions":{"total":10,"covered":10,"skipped":0,"pct":100},"statements":{"total":71,"covered":51,"skipped":0,"pct":71.83},"branches":{"total":86,"covered":44,"skipped":0,"pct":51.16}}
,"C:\\Users\\CHIP\\Desktop\\SWT\\GenCare\\frontend\\src\\pages\\menstrual-cycle\\components\\CycleStatistics.tsx": {"lines":{"total":50,"covered":23,"skipped":0,"pct":46},"functions":{"total":9,"covered":3,"skipped":0,"pct":33.33},"statements":{"total":50,"covered":23,"skipped":0,"pct":46},"branches":{"total":50,"covered":4,"skipped":0,"pct":8}}
,"C:\\Users\\CHIP\\Desktop\\SWT\\GenCare\\frontend\\src\\pages\\menstrual-cycle\\components\\MoodModal.tsx": {"lines":{"total":34,"covered":12,"skipped":0,"pct":35.29},"functions":{"total":16,"covered":1,"skipped":0,"pct":6.25},"statements":{"total":36,"covered":13,"skipped":0,"pct":36.11},"branches":{"total":30,"covered":1,"skipped":0,"pct":3.33}}
,"C:\\Users\\CHIP\\Desktop\\SWT\\GenCare\\frontend\\src\\pages\\menstrual-cycle\\components\\PeriodLogger.tsx": {"lines":{"total":62,"covered":12,"skipped":0,"pct":19.35},"functions":{"total":16,"covered":3,"skipped":0,"pct":18.75},"statements":{"total":67,"covered":12,"skipped":0,"pct":17.91},"branches":{"total":28,"covered":2,"skipped":0,"pct":7.14}}
,"C:\\Users\\CHIP\\Desktop\\SWT\\GenCare\\frontend\\src\\pages\\menstrual-cycle\\components\\PillCalendar.tsx": {"lines":{"total":27,"covered":18,"skipped":0,"pct":66.66},"functions":{"total":7,"covered":6,"skipped":0,"pct":85.71},"statements":{"total":27,"covered":18,"skipped":0,"pct":66.66},"branches":{"total":11,"covered":4,"skipped":0,"pct":36.36}}
,"C:\\Users\\CHIP\\Desktop\\SWT\\GenCare\\frontend\\src\\pages\\menstrual-cycle\\components\\PillSettingsModal.tsx": {"lines":{"total":30,"covered":12,"skipped":0,"pct":40},"functions":{"total":6,"covered":2,"skipped":0,"pct":33.33},"statements":{"total":34,"covered":12,"skipped":0,"pct":35.29},"branches":{"total":24,"covered":7,"skipped":0,"pct":29.16}}
,"C:\\Users\\CHIP\\Desktop\\SWT\\GenCare\\frontend\\src\\pages\\sti-booking\\BookSTIPage.tsx": {"lines":{"total":124,"covered":70,"skipped":0,"pct":56.45},"functions":{"total":19,"covered":7,"skipped":0,"pct":36.84},"statements":{"total":127,"covered":70,"skipped":0,"pct":55.11},"branches":{"total":89,"covered":49,"skipped":0,"pct":55.05}}
,"C:\\Users\\CHIP\\Desktop\\SWT\\GenCare\\frontend\\src\\services\\apiClient.ts": {"lines":{"total":119,"covered":7,"skipped":0,"pct":5.88},"functions":{"total":30,"covered":2,"skipped":0,"pct":6.66},"statements":{"total":121,"covered":7,"skipped":0,"pct":5.78},"branches":{"total":102,"covered":3,"skipped":0,"pct":2.94}}
,"C:\\Users\\CHIP\\Desktop\\SWT\\GenCare\\frontend\\src\\services\\appointmentService.ts": {"lines":{"total":61,"covered":2,"skipped":0,"pct":3.27},"functions":{"total":18,"covered":0,"skipped":0,"pct":0},"statements":{"total":63,"covered":2,"skipped":0,"pct":3.17},"branches":{"total":18,"covered":0,"skipped":0,"pct":0}}
,"C:\\Users\\CHIP\\Desktop\\SWT\\GenCare\\frontend\\src\\services\\auth.ts": {"lines":{"total":23,"covered":3,"skipped":0,"pct":13.04},"functions":{"total":8,"covered":1,"skipped":0,"pct":12.5},"statements":{"total":23,"covered":3,"skipped":0,"pct":13.04},"branches":{"total":6,"covered":0,"skipped":0,"pct":0}}
,"C:\\Users\\CHIP\\Desktop\\SWT\\GenCare\\frontend\\src\\services\\consultantService.ts": {"lines":{"total":18,"covered":1,"skipped":0,"pct":5.55},"functions":{"total":8,"covered":0,"skipped":0,"pct":0},"statements":{"total":18,"covered":1,"skipped":0,"pct":5.55},"branches":{"total":4,"covered":0,"skipped":0,"pct":0}}
,"C:\\Users\\CHIP\\Desktop\\SWT\\GenCare\\frontend\\src\\types\\schedule.ts": {"lines":{"total":2,"covered":2,"skipped":0,"pct":100},"functions":{"total":0,"covered":0,"skipped":0,"pct":100},"statements":{"total":2,"covered":2,"skipped":0,"pct":100},"branches":{"total":0,"covered":0,"skipped":0,"pct":100}}
,"C:\\Users\\CHIP\\Desktop\\SWT\\GenCare\\frontend\\src\\utils\\authUtils.ts": {"lines":{"total":16,"covered":16,"skipped":0,"pct":100},"functions":{"total":8,"covered":8,"skipped":0,"pct":100},"statements":{"total":17,"covered":17,"skipped":0,"pct":100},"branches":{"total":0,"covered":0,"skipped":0,"pct":100}}
,"C:\\Users\\CHIP\\Desktop\\SWT\\GenCare\\frontend\\src\\utils\\dateUtils.ts": {"lines":{"total":55,"covered":55,"skipped":0,"pct":100},"functions":{"total":11,"covered":11,"skipped":0,"pct":100},"statements":{"total":55,"covered":55,"skipped":0,"pct":100},"branches":{"total":17,"covered":16,"skipped":0,"pct":94.11}}
,"C:\\Users\\CHIP\\Desktop\\SWT\\GenCare\\frontend\\src\\utils\\logger.ts": {"lines":{"total":33,"covered":29,"skipped":0,"pct":87.87},"functions":{"total":21,"covered":17,"skipped":0,"pct":80.95},"statements":{"total":33,"covered":29,"skipped":0,"pct":87.87},"branches":{"total":22,"covered":15,"skipped":0,"pct":68.18}}
}
