{"name": "test_navigate_to_login_page", "status": "failed", "statusDetails": {"message": "AssertionError: Should navigate to login page\nassert False", "trace": "tests\\test_simple_auth.py:33: in test_navigate_to_login_page\n    assert success, \"Should navigate to login page\"\nE   AssertionError: Should navigate to login page\nE   assert False"}, "description": "Test navigation to login page", "attachments": [{"name": "Failed Test Screenshot", "source": "ec3fb5d1-1949-4329-9a30-92fb5c31da17-attachment.png", "type": "image/png"}, {"name": "log", "source": "e404152e-9a6e-4ec9-acec-34841c9ef869-attachment.txt", "type": "text/plain"}], "start": 1750602983486, "stop": 1750603004962, "uuid": "e4d97033-410d-4d67-9e14-6cfc29894d43", "historyId": "d7560b19e6e7f906af155505115b3c34", "testCaseId": "d7560b19e6e7f906af155505115b3c34", "fullName": "tests.test_simple_auth.TestSimpleAuth#test_navigate_to_login_page", "labels": [{"name": "parentSuite", "value": "tests"}, {"name": "suite", "value": "test_simple_auth"}, {"name": "subSuite", "value": "TestSimpleAuth"}, {"name": "host", "value": "DESKTOP-E4KF9OU"}, {"name": "thread", "value": "37796-MainThread"}, {"name": "framework", "value": "pytest"}, {"name": "language", "value": "cpython3"}, {"name": "package", "value": "tests.test_simple_auth"}]}